<?xml version="1.0" encoding="UTF-8"?>
<testng-results ignored="0" total="2" passed="2" failed="0" skipped="0">
  <reporter-output>
  </reporter-output>
  <suite started-at="2023-08-06T02:14:02 IST" name="Suite" finished-at="2023-08-06T02:14:21 IST" duration-ms="18971">
    <groups>
    </groups>
    <test started-at="2023-08-06T02:14:02 IST" name="Test" finished-at="2023-08-06T02:14:21 IST" duration-ms="18971">
      <class name="com.automatenow.tests.OrangeHRMTests">
        <test-method is-config="true" signature="beforeSuite()[pri:0, instance:com.automatenow.tests.OrangeHRMTests@4e5ed836]" started-at="2023-08-06T02:14:02 IST" name="beforeSuite" finished-at="2023-08-06T02:14:02 IST" duration-ms="12" status="PASS">
          <reporter-output>
          </reporter-output>
        </test-method> <!-- beforeSuite -->
        <test-method is-config="true" signature="setUp([Ljava.lang.Object;)[pri:0, instance:com.automatenow.tests.OrangeHRMTests@4e5ed836]" started-at="2023-08-06T02:14:02 IST" name="setUp" finished-at="2023-08-06T02:14:09 IST" duration-ms="6404" status="PASS">
          <params>
            <param index="0">
              <value>
                <![CDATA[[Ljava.lang.Object;@7fd69dd]]>
              </value>
            </param>
          </params>
          <reporter-output>
          </reporter-output>
        </test-method> <!-- setUp -->
        <test-method is-config="true" signature="setUp([Ljava.lang.Object;)[pri:0, instance:com.automatenow.tests.OrangeHRMTests@4e5ed836]" started-at="2023-08-06T02:14:02 IST" name="setUp" finished-at="2023-08-06T02:14:13 IST" duration-ms="10800" status="PASS">
          <params>
            <param index="0">
              <value>
                <![CDATA[[Ljava.lang.Object;@12010fd1]]>
              </value>
            </param>
          </params>
          <reporter-output>
          </reporter-output>
        </test-method> <!-- setUp -->
        <test-method signature="loginLogoutTest(java.util.Map)[pri:0, instance:com.automatenow.tests.OrangeHRMTests@4e5ed836]" started-at="2023-08-06T02:14:09 IST" name="loginLogoutTest" description="Test the login and logout of the app" data-provider="getData" finished-at="2023-08-06T02:14:14 IST" duration-ms="5089" status="PASS">
          <params>
            <param index="0">
              <value>
                <![CDATA[{password=admin123, fristname=dheeraj, browser=chrome, testname=loginLogoutTest, execute=yes, username=Admin, lastname=g}]]>
              </value>
            </param>
          </params>
          <reporter-output>
          </reporter-output>
        </test-method> <!-- loginLogoutTest -->
        <test-method signature="loginLogoutTest(java.util.Map)[pri:0, instance:com.automatenow.tests.OrangeHRMTests@4e5ed836]" started-at="2023-08-06T02:14:13 IST" name="loginLogoutTest" description="Test the login and logout of the app" data-provider="getData" finished-at="2023-08-06T02:14:19 IST" duration-ms="5599" status="PASS">
          <params>
            <param index="0">
              <value>
                <![CDATA[{password=admin123, fristname=div, browser=firefox, testname=loginLogoutTest, execute=yes, username=Admin, lastname=sri}]]>
              </value>
            </param>
          </params>
          <reporter-output>
          </reporter-output>
        </test-method> <!-- loginLogoutTest -->
        <test-method is-config="true" signature="tearDown()[pri:0, instance:com.automatenow.tests.OrangeHRMTests@4e5ed836]" started-at="2023-08-06T02:14:14 IST" name="tearDown" finished-at="2023-08-06T02:14:14 IST" duration-ms="221" status="PASS">
          <reporter-output>
          </reporter-output>
        </test-method> <!-- tearDown -->
        <test-method is-config="true" signature="tearDown()[pri:0, instance:com.automatenow.tests.OrangeHRMTests@4e5ed836]" started-at="2023-08-06T02:14:19 IST" name="tearDown" finished-at="2023-08-06T02:14:21 IST" duration-ms="1833" status="PASS">
          <reporter-output>
          </reporter-output>
        </test-method> <!-- tearDown -->
        <test-method is-config="true" signature="afterSuite()[pri:0, instance:com.automatenow.tests.OrangeHRMTests@4e5ed836]" started-at="2023-08-06T02:14:21 IST" name="afterSuite" finished-at="2023-08-06T02:14:21 IST" duration-ms="1" status="PASS">
          <reporter-output>
          </reporter-output>
        </test-method> <!-- afterSuite -->
      </class> <!-- com.automatenow.tests.OrangeHRMTests -->
    </test> <!-- Test -->
  </suite> <!-- Suite -->
</testng-results>
